android/app/build/outputs/logs/manifest-merger-release-report.txt
-- Merging decision tree log ---
manifest
ADDED from src\main\AndroidManifest.xml:1:1-63:12
INJECTED from src\main\AndroidManifest.xml:1:1-63:12
INJECTED from src\main\AndroidManifest.xml:1:1-63:12
INJECTED from src\main\AndroidManifest.xml:1:1-63:12
MERGED from [:audioplayers] AndroidManifest.xml:2:1-9:12
MERGED from [:video_player] AndroidManifest.xml:2:1-7:12
MERGED from [:wakelock] AndroidManifest.xml:2:1-7:12
MERGED from [:flutter_audio_query] AndroidManifest.xml:2:1-10:12
MERGED from [:flutter_plugin_android_lifecycle] AndroidManifest.xml:2:1-7:12
MERGED from [:android_alarm_manager_plus] AndroidManifest.xml:2:1-7:12
MERGED from [:volume] AndroidManifest.xml:2:1-7:12
MERGED from [:system_shortcuts] AndroidManifest.xml:2:1-12:12
MERGED from [:flutter_inappwebview] AndroidManifest.xml:2:1-29:12
MERGED from [:path_provider] AndroidManifest.xml:2:1-7:12
MERGED from [:shared_preferences] AndroidManifest.xml:2:1-7:12
MERGED from [androidx.core:core-ktx:1.6.0] AndroidManifest.xml:2:1-9:12
MERGED from [com.google.android.exoplayer:exoplayer-hls:2.14.1] AndroidManifest.xml:17:1-24:12
MERGED from [com.google.android.exoplayer:exoplayer-dash:2.14.1] AndroidManifest.xml:17:1-24:12
MERGED from [com.google.android.exoplayer:exoplayer-smoothstreaming:2.14.1] AndroidManifest.xml:17:1-24:12
MERGED from [com.google.android.exoplayer:exoplayer-core:2.14.1] AndroidManifest.xml:17:1-26:12
MERGED from [androidx.appcompat:appcompat:1.2.0] AndroidManifest.xml:17:1-24:12
MERGED from [androidx.webkit:webkit:1.4.0] AndroidManifest.xml:17:1-24:12
MERGED from [androidx.browser:browser:1.3.0] AndroidManifest.xml:17:1-24:12
MERGED from [androidx.legacy:legacy-support-v4:1.0.0] AndroidManifest.xml:17:1-22:12
MERGED from [androidx.legacy:legacy-support-core-ui:1.0.0] AndroidManifest.xml:17:1-22:12
MERGED from [androidx.swiperefreshlayout:swiperefreshlayout:1.1.0] AndroidManifest.xml:17:1-24:12
MERGED from [androidx.fragment:fragment:1.1.0] AndroidManifest.xml:17:1-24:12
MERGED from [androidx.media:media:1.0.0] AndroidManifest.xml:17:1-22:12
MERGED from [androidx.legacy:legacy-support-core-utils:1.0.0] AndroidManifest.xml:17:1-22:12
MERGED from [androidx.appcompat:appcompat-resources:1.2.0] AndroidManifest.xml:17:1-24:12
MERGED from [androidx.drawerlayout:drawerlayout:1.0.0] AndroidManifest.xml:17:1-22:12
MERGED from [androidx.viewpager:viewpager:1.0.0] AndroidManifest.xml:17:1-22:12
MERGED from [androidx.loader:loader:1.0.0] AndroidManifest.xml:17:1-22:12
MERGED from [androidx.activity:activity:1.0.0] AndroidManifest.xml:17:1-24:12
MERGED from [androidx.coordinatorlayout:coordinatorlayout:1.0.0] AndroidManifest.xml:17:1-22:12
MERGED from [androidx.slidingpanelayout:slidingpanelayout:1.0.0] AndroidManifest.xml:17:1-22:12
MERGED from [androidx.customview:customview:1.0.0] AndroidManifest.xml:17:1-22:12
MERGED from [androidx.asynclayoutinflater:asynclayoutinflater:1.0.0] AndroidManifest.xml:17:1-22:12
MERGED from [androidx.vectordrawable:vectordrawable-animated:1.1.0] AndroidManifest.xml:17:1-24:12
MERGED from [androidx.vectordrawable:vectordrawable:1.1.0] AndroidManifest.xml:17:1-24:12
MERGED from [androidx.core:core:1.6.0] AndroidManifest.xml:17:1-26:12
MERGED from [androidx.lifecycle:lifecycle-runtime:2.2.0] AndroidManifest.xml:17:1-24:12
MERGED from [androidx.savedstate:savedstate:1.0.0] AndroidManifest.xml:17:1-24:12
MERGED from [androidx.lifecycle:lifecycle-livedata:2.0.0] AndroidManifest.xml:17:1-22:12
MERGED from [androidx.lifecycle:lifecycle-livedata-core:2.0.0] AndroidManifest.xml:17:1-22:12
MERGED from [com.google.android.exoplayer:exoplayer-extractor:2.14.1] AndroidManifest.xml:17:1-24:12
MERGED from [com.google.android.exoplayer:exoplayer-common:2.14.1] AndroidManifest.xml:17:1-26:12
MERGED from [androidx.cursoradapter:cursoradapter:1.0.0] AndroidManifest.xml:17:1-22:12
MERGED from [androidx.versionedparcelable:versionedparcelable:1.1.1] AndroidManifest.xml:17:1-27:12
MERGED from [androidx.interpolator:interpolator:1.0.0] AndroidManifest.xml:17:1-22:12
MERGED from [androidx.arch.core:core-runtime:2.0.0] AndroidManifest.xml:17:1-22:12
MERGED from [androidx.documentfile:documentfile:1.0.0] AndroidManifest.xml:17:1-22:12
MERGED from [androidx.localbroadcastmanager:localbroadcastmanager:1.0.0] AndroidManifest.xml:17:1-22:12
MERGED from [androidx.print:print:1.0.0] AndroidManifest.xml:17:1-22:12
MERGED from [androidx.lifecycle:lifecycle-viewmodel:2.1.0] AndroidManifest.xml:17:1-22:12
MERGED from [androidx.annotation:annotation-experimental:1.1.0] AndroidManifest.xml:17:1-24:12
INJECTED from src\main\AndroidManifest.xml:1:1-63:12
INJECTED from src\main\AndroidManifest.xml:1:1-63:12
INJECTED from src\main\AndroidManifest.xml:1:1-63:12
	package
		ADDED from src\main\AndroidManifest.xml:2:11-44
		INJECTED from src\main\AndroidManifest.xml
		INJECTED from src\main\AndroidManifest.xml
	android:versionName
		INJECTED from src\main\AndroidManifest.xml
		ADDED from src\main\AndroidManifest.xml:1:1-63:12
		INJECTED from src\main\AndroidManifest.xml
	android:versionCode
		INJECTED from src\main\AndroidManifest.xml
		ADDED from src\main\AndroidManifest.xml:1:1-63:12
		INJECTED from src\main\AndroidManifest.xml
	xmlns:android
		ADDED from src\main\AndroidManifest.xml:1:11-69
uses-permission#android.permission.INTERNET
ADDED from src\main\AndroidManifest.xml:3:5-66
	android:name
		ADDED from src\main\AndroidManifest.xml:3:22-64
uses-permission#android.permission.RECEIVE_BOOT_COMPLETED
ADDED from src\main\AndroidManifest.xml:4:5-80
	android:name
		ADDED from src\main\AndroidManifest.xml:4:22-78
uses-permission#android.permission.WAKE_LOCK
ADDED from src\main\AndroidManifest.xml:5:5-67
	android:name
		ADDED from src\main\AndroidManifest.xml:5:22-65
uses-permission#android.permission.READ_EXTERNAL_STORAGE
ADDED from src\main\AndroidManifest.xml:6:5-79
MERGED from [:flutter_audio_query] AndroidManifest.xml:7:5-80
MERGED from [:flutter_audio_query] AndroidManifest.xml:7:5-80
	android:name
		ADDED from src\main\AndroidManifest.xml:6:22-77
uses-permission#android.permission.SYSTEM_ALERT_WINDOW
ADDED from src\main\AndroidManifest.xml:7:5-77
	android:name
		ADDED from src\main\AndroidManifest.xml:7:22-75
application
ADDED from src\main\AndroidManifest.xml:8:5-62:19
MERGED from [:flutter_inappwebview] AndroidManifest.xml:13:5-27:19
MERGED from [:flutter_inappwebview] AndroidManifest.xml:13:5-27:19
MERGED from [androidx.core:core:1.6.0] AndroidManifest.xml:24:5-89
MERGED from [androidx.core:core:1.6.0] AndroidManifest.xml:24:5-89
MERGED from [androidx.versionedparcelable:versionedparcelable:1.1.1] AndroidManifest.xml:24:5-25:19
MERGED from [androidx.versionedparcelable:versionedparcelable:1.1.1] AndroidManifest.xml:24:5-25:19
	android:requestLegacyExternalStorage
		ADDED from src\main\AndroidManifest.xml:11:13-56
	android:appComponentFactory
		ADDED from [androidx.core:core:1.6.0] AndroidManifest.xml:24:18-86
	android:label
		ADDED from src\main\AndroidManifest.xml:9:13-40
	android:icon
		ADDED from src\main\AndroidManifest.xml:10:13-47
activity#com.example.movie_alarm.MainActivity
ADDED from src\main\AndroidManifest.xml:12:9-41:20
	android:launchMode
		ADDED from src\main\AndroidManifest.xml:14:17-47
	android:hardwareAccelerated
		ADDED from src\main\AndroidManifest.xml:17:17-51
	android:windowSoftInputMode
		ADDED from src\main\AndroidManifest.xml:18:17-59
	android:showOnLockScreen
		ADDED from src\main\AndroidManifest.xml:19:17-48
	android:configChanges
		ADDED from src\main\AndroidManifest.xml:16:17-167
	android:theme
		ADDED from src\main\AndroidManifest.xml:15:17-51
	android:name
		ADDED from src\main\AndroidManifest.xml:13:17-45
meta-data#io.flutter.embedding.android.NormalTheme
ADDED from src\main\AndroidManifest.xml:24:13-27:15
	android:resource
		ADDED from src\main\AndroidManifest.xml:26:21-58
	android:name
		ADDED from src\main\AndroidManifest.xml:25:21-76
meta-data#io.flutter.embedding.android.SplashScreenDrawable
ADDED from src\main\AndroidManifest.xml:33:13-36:15
	android:resource
		ADDED from src\main\AndroidManifest.xml:35:21-67
	android:name
		ADDED from src\main\AndroidManifest.xml:34:21-85
intent-filter#action:name:android.intent.action.MAIN+category:name:android.intent.category.LAUNCHER
ADDED from src\main\AndroidManifest.xml:37:13-40:29
action#android.intent.action.MAIN
ADDED from src\main\AndroidManifest.xml:38:17-68
	android:name
		ADDED from src\main\AndroidManifest.xml:38:25-66
category#android.intent.category.LAUNCHER
ADDED from src\main\AndroidManifest.xml:39:17-76
	android:name
		ADDED from src\main\AndroidManifest.xml:39:27-74
meta-data#flutterEmbedding
ADDED from src\main\AndroidManifest.xml:44:9-46:36
	android:value
		ADDED from src\main\AndroidManifest.xml:46:17-34
	android:name
		ADDED from src\main\AndroidManifest.xml:45:17-48
service#dev.fluttercommunity.plus.androidalarmmanager.AlarmService
ADDED from src\main\AndroidManifest.xml:47:9-50:43
	android:exported
		ADDED from src\main\AndroidManifest.xml:50:17-41
	android:permission
		ADDED from src\main\AndroidManifest.xml:49:17-73
	android:name
		ADDED from src\main\AndroidManifest.xml:48:17-90
receiver#dev.fluttercommunity.plus.androidalarmmanager.AlarmBroadcastReceiver
ADDED from src\main\AndroidManifest.xml:51:9-53:43
	android:exported
		ADDED from src\main\AndroidManifest.xml:53:17-41
	android:name
		ADDED from src\main\AndroidManifest.xml:52:17-100
receiver#dev.fluttercommunity.plus.androidalarmmanager.RebootBroadcastReceiver
ADDED from src\main\AndroidManifest.xml:54:9-60:20
	android:enabled
		ADDED from src\main\AndroidManifest.xml:56:17-40
	android:name
		ADDED from src\main\AndroidManifest.xml:55:17-101
intent-filter#action:name:android.intent.action.BOOT_COMPLETED
ADDED from src\main\AndroidManifest.xml:57:13-59:29
action#android.intent.action.BOOT_COMPLETED
ADDED from src\main\AndroidManifest.xml:58:17-86
	android:name
		ADDED from src\main\AndroidManifest.xml:58:25-76
uses-sdk
INJECTED from src\main\AndroidManifest.xml reason: use-sdk injection requested
INJECTED from src\main\AndroidManifest.xml
INJECTED from src\main\AndroidManifest.xml
MERGED from [:audioplayers] AndroidManifest.xml:7:5-44
MERGED from [:audioplayers] AndroidManifest.xml:7:5-44
MERGED from [:video_player] AndroidManifest.xml:5:5-44
MERGED from [:video_player] AndroidManifest.xml:5:5-44
MERGED from [:wakelock] AndroidManifest.xml:5:5-44
MERGED from [:wakelock] AndroidManifest.xml:5:5-44
MERGED from [:flutter_audio_query] AndroidManifest.xml:5:5-44
MERGED from [:flutter_audio_query] AndroidManifest.xml:5:5-44
MERGED from [:flutter_plugin_android_lifecycle] AndroidManifest.xml:5:5-44
MERGED from [:flutter_plugin_android_lifecycle] AndroidManifest.xml:5:5-44
MERGED from [:android_alarm_manager_plus] AndroidManifest.xml:5:5-44
MERGED from [:android_alarm_manager_plus] AndroidManifest.xml:5:5-44
MERGED from [:volume] AndroidManifest.xml:5:5-44
MERGED from [:volume] AndroidManifest.xml:5:5-44
MERGED from [:system_shortcuts] AndroidManifest.xml:5:5-44
MERGED from [:system_shortcuts] AndroidManifest.xml:5:5-44
MERGED from [:flutter_inappwebview] AndroidManifest.xml:5:5-44
MERGED from [:flutter_inappwebview] AndroidManifest.xml:5:5-44
MERGED from [:path_provider] AndroidManifest.xml:5:5-44
MERGED from [:path_provider] AndroidManifest.xml:5:5-44
MERGED from [:shared_preferences] AndroidManifest.xml:5:5-44
MERGED from [:shared_preferences] AndroidManifest.xml:5:5-44
MERGED from [androidx.core:core-ktx:1.6.0] AndroidManifest.xml:5:5-7:41
MERGED from [androidx.core:core-ktx:1.6.0] AndroidManifest.xml:5:5-7:41
MERGED from [com.google.android.exoplayer:exoplayer-hls:2.14.1] AndroidManifest.xml:20:5-22:41
MERGED from [com.google.android.exoplayer:exoplayer-hls:2.14.1] AndroidManifest.xml:20:5-22:41
MERGED from [com.google.android.exoplayer:exoplayer-dash:2.14.1] AndroidManifest.xml:20:5-22:41
MERGED from [com.google.android.exoplayer:exoplayer-dash:2.14.1] AndroidManifest.xml:20:5-22:41
MERGED from [com.google.android.exoplayer:exoplayer-smoothstreaming:2.14.1] AndroidManifest.xml:20:5-22:41
MERGED from [com.google.android.exoplayer:exoplayer-smoothstreaming:2.14.1] AndroidManifest.xml:20:5-22:41
MERGED from [com.google.android.exoplayer:exoplayer-core:2.14.1] AndroidManifest.xml:20:5-22:41
MERGED from [com.google.android.exoplayer:exoplayer-core:2.14.1] AndroidManifest.xml:20:5-22:41
MERGED from [androidx.appcompat:appcompat:1.2.0] AndroidManifest.xml:20:5-22:41
MERGED from [androidx.appcompat:appcompat:1.2.0] AndroidManifest.xml:20:5-22:41
MERGED from [androidx.webkit:webkit:1.4.0] AndroidManifest.xml:20:5-22:41
MERGED from [androidx.webkit:webkit:1.4.0] AndroidManifest.xml:20:5-22:41
MERGED from [androidx.browser:browser:1.3.0] AndroidManifest.xml:20:5-22:41
MERGED from [androidx.browser:browser:1.3.0] AndroidManifest.xml:20:5-22:41
MERGED from [androidx.legacy:legacy-support-v4:1.0.0] AndroidManifest.xml:20:5-44
MERGED from [androidx.legacy:legacy-support-v4:1.0.0] AndroidManifest.xml:20:5-44
MERGED from [androidx.legacy:legacy-support-core-ui:1.0.0] AndroidManifest.xml:20:5-44
MERGED from [androidx.legacy:legacy-support-core-ui:1.0.0] AndroidManifest.xml:20:5-44
MERGED from [androidx.swiperefreshlayout:swiperefreshlayout:1.1.0] AndroidManifest.xml:20:5-22:41
MERGED from [androidx.swiperefreshlayout:swiperefreshlayout:1.1.0] AndroidManifest.xml:20:5-22:41
MERGED from [androidx.fragment:fragment:1.1.0] AndroidManifest.xml:20:5-22:41
MERGED from [androidx.fragment:fragment:1.1.0] AndroidManifest.xml:20:5-22:41
MERGED from [androidx.media:media:1.0.0] AndroidManifest.xml:20:5-44
MERGED from [androidx.media:media:1.0.0] AndroidManifest.xml:20:5-44
MERGED from [androidx.legacy:legacy-support-core-utils:1.0.0] AndroidManifest.xml:20:5-44
MERGED from [androidx.legacy:legacy-support-core-utils:1.0.0] AndroidManifest.xml:20:5-44
MERGED from [androidx.appcompat:appcompat-resources:1.2.0] AndroidManifest.xml:20:5-22:41
MERGED from [androidx.appcompat:appcompat-resources:1.2.0] AndroidManifest.xml:20:5-22:41
MERGED from [androidx.drawerlayout:drawerlayout:1.0.0] AndroidManifest.xml:20:5-44
MERGED from [androidx.drawerlayout:drawerlayout:1.0.0] AndroidManifest.xml:20:5-44
MERGED from [androidx.viewpager:viewpager:1.0.0] AndroidManifest.xml:20:5-44
MERGED from [androidx.viewpager:viewpager:1.0.0] AndroidManifest.xml:20:5-44
MERGED from [androidx.loader:loader:1.0.0] AndroidManifest.xml:20:5-44
MERGED from [androidx.loader:loader:1.0.0] AndroidManifest.xml:20:5-44
MERGED from [androidx.activity:activity:1.0.0] AndroidManifest.xml:20:5-22:41
MERGED from [androidx.activity:activity:1.0.0] AndroidManifest.xml:20:5-22:41
MERGED from [androidx.coordinatorlayout:coordinatorlayout:1.0.0] AndroidManifest.xml:20:5-44
MERGED from [androidx.coordinatorlayout:coordinatorlayout:1.0.0] AndroidManifest.xml:20:5-44
MERGED from [androidx.slidingpanelayout:slidingpanelayout:1.0.0] AndroidManifest.xml:20:5-44
MERGED from [androidx.slidingpanelayout:slidingpanelayout:1.0.0] AndroidManifest.xml:20:5-44
MERGED from [androidx.customview:customview:1.0.0] AndroidManifest.xml:20:5-44
MERGED from [androidx.customview:customview:1.0.0] AndroidManifest.xml:20:5-44
MERGED from [androidx.asynclayoutinflater:asynclayoutinflater:1.0.0] AndroidManifest.xml:20:5-44
MERGED from [androidx.asynclayoutinflater:asynclayoutinflater:1.0.0] AndroidManifest.xml:20:5-44
MERGED from [androidx.vectordrawable:vectordrawable-animated:1.1.0] AndroidManifest.xml:20:5-22:41
MERGED from [androidx.vectordrawable:vectordrawable-animated:1.1.0] AndroidManifest.xml:20:5-22:41
MERGED from [androidx.vectordrawable:vectordrawable:1.1.0] AndroidManifest.xml:20:5-22:41
MERGED from [androidx.vectordrawable:vectordrawable:1.1.0] AndroidManifest.xml:20:5-22:41
MERGED from [androidx.core:core:1.6.0] AndroidManifest.xml:20:5-22:41
MERGED from [androidx.core:core:1.6.0] AndroidManifest.xml:20:5-22:41
MERGED from [androidx.lifecycle:lifecycle-runtime:2.2.0] AndroidManifest.xml:20:5-22:41
MERGED from [androidx.lifecycle:lifecycle-runtime:2.2.0] AndroidManifest.xml:20:5-22:41
MERGED from [androidx.savedstate:savedstate:1.0.0] AndroidManifest.xml:20:5-22:41
MERGED from [androidx.savedstate:savedstate:1.0.0] AndroidManifest.xml:20:5-22:41
MERGED from [androidx.lifecycle:lifecycle-livedata:2.0.0] AndroidManifest.xml:20:5-44
MERGED from [androidx.lifecycle:lifecycle-livedata:2.0.0] AndroidManifest.xml:20:5-44
MERGED from [androidx.lifecycle:lifecycle-livedata-core:2.0.0] AndroidManifest.xml:20:5-44
MERGED from [androidx.lifecycle:lifecycle-livedata-core:2.0.0] AndroidManifest.xml:20:5-44
MERGED from [com.google.android.exoplayer:exoplayer-extractor:2.14.1] AndroidManifest.xml:20:5-22:41
MERGED from [com.google.android.exoplayer:exoplayer-extractor:2.14.1] AndroidManifest.xml:20:5-22:41
MERGED from [com.google.android.exoplayer:exoplayer-common:2.14.1] AndroidManifest.xml:20:5-22:41
MERGED from [com.google.android.exoplayer:exoplayer-common:2.14.1] AndroidManifest.xml:20:5-22:41
MERGED from [androidx.cursoradapter:cursoradapter:1.0.0] AndroidManifest.xml:20:5-44
MERGED from [androidx.cursoradapter:cursoradapter:1.0.0] AndroidManifest.xml:20:5-44
MERGED from [androidx.versionedparcelable:versionedparcelable:1.1.1] AndroidManifest.xml:20:5-22:41
MERGED from [androidx.versionedparcelable:versionedparcelable:1.1.1] AndroidManifest.xml:20:5-22:41
MERGED from [androidx.interpolator:interpolator:1.0.0] AndroidManifest.xml:20:5-44
MERGED from [androidx.interpolator:interpolator:1.0.0] AndroidManifest.xml:20:5-44
MERGED from [androidx.arch.core:core-runtime:2.0.0] AndroidManifest.xml:20:5-44
MERGED from [androidx.arch.core:core-runtime:2.0.0] AndroidManifest.xml:20:5-44
MERGED from [androidx.documentfile:documentfile:1.0.0] AndroidManifest.xml:20:5-44
MERGED from [androidx.documentfile:documentfile:1.0.0] AndroidManifest.xml:20:5-44
MERGED from [androidx.localbroadcastmanager:localbroadcastmanager:1.0.0] AndroidManifest.xml:20:5-44
MERGED from [androidx.localbroadcastmanager:localbroadcastmanager:1.0.0] AndroidManifest.xml:20:5-44
MERGED from [androidx.print:print:1.0.0] AndroidManifest.xml:20:5-44
MERGED from [androidx.print:print:1.0.0] AndroidManifest.xml:20:5-44
MERGED from [androidx.lifecycle:lifecycle-viewmodel:2.1.0] AndroidManifest.xml:20:5-44
MERGED from [androidx.lifecycle:lifecycle-viewmodel:2.1.0] AndroidManifest.xml:20:5-44
MERGED from [androidx.annotation:annotation-experimental:1.1.0] AndroidManifest.xml:20:5-22:41
MERGED from [androidx.annotation:annotation-experimental:1.1.0] AndroidManifest.xml:20:5-22:41
INJECTED from src\main\AndroidManifest.xml
INJECTED from src\main\AndroidManifest.xml
	android:targetSdkVersion
		INJECTED from src\main\AndroidManifest.xml
		ADDED from src\main\AndroidManifest.xml
		INJECTED from src\main\AndroidManifest.xml
	android:minSdkVersion
		INJECTED from src\main\AndroidManifest.xml
		ADDED from src\main\AndroidManifest.xml
		INJECTED from src\main\AndroidManifest.xml
uses-permission#android.permission.WRITE_EXTERNAL_STORAGE
ADDED from [:flutter_audio_query] AndroidManifest.xml:8:5-81
	android:name
		ADDED from [:flutter_audio_query] AndroidManifest.xml:8:22-78
uses-permission#android.permission.ACCESS_WIFI_STATE
ADDED from [:system_shortcuts] AndroidManifest.xml:7:5-76
	android:name
		ADDED from [:system_shortcuts] AndroidManifest.xml:7:22-73
uses-permission#android.permission.CHANGE_WIFI_STATE
ADDED from [:system_shortcuts] AndroidManifest.xml:8:5-76
	android:name
		ADDED from [:system_shortcuts] AndroidManifest.xml:8:22-73
uses-permission#android.permission.BLUETOOTH
ADDED from [:system_shortcuts] AndroidManifest.xml:9:5-68
	android:name
		ADDED from [:system_shortcuts] AndroidManifest.xml:9:22-65
uses-permission#android.permission.BLUETOOTH_ADMIN
ADDED from [:system_shortcuts] AndroidManifest.xml:10:5-74
	android:name
		ADDED from [:system_shortcuts] AndroidManifest.xml:10:22-71
queries
ADDED from [:flutter_inappwebview] AndroidManifest.xml:7:5-11:15
intent#action:name:android.support.customtabs.action.CustomTabsService
ADDED from [:flutter_inappwebview] AndroidManifest.xml:8:9-10:18
action#android.support.customtabs.action.CustomTabsService
ADDED from [:flutter_inappwebview] AndroidManifest.xml:9:13-90
	android:name
		ADDED from [:flutter_inappwebview] AndroidManifest.xml:9:21-87
activity#com.pichillilorenzo.flutter_inappwebview.in_app_browser.InAppBrowserActivity
ADDED from [:flutter_inappwebview] AndroidManifest.xml:14:9-17:47
	android:configChanges
		ADDED from [:flutter_inappwebview] AndroidManifest.xml:16:13-137
	android:theme
		ADDED from [:flutter_inappwebview] AndroidManifest.xml:17:13-44
	android:name
		ADDED from [:flutter_inappwebview] AndroidManifest.xml:15:13-104
activity#com.pichillilorenzo.flutter_inappwebview.chrome_custom_tabs.ChromeCustomTabsActivity
ADDED from [:flutter_inappwebview] AndroidManifest.xml:18:9-20:55
	android:theme
		ADDED from [:flutter_inappwebview] AndroidManifest.xml:20:13-52
	android:name
		ADDED from [:flutter_inappwebview] AndroidManifest.xml:19:13-112
receiver#com.pichillilorenzo.flutter_inappwebview.chrome_custom_tabs.ActionBroadcastReceiver
ADDED from [:flutter_inappwebview] AndroidManifest.xml:22:9-120
	android:name
		ADDED from [:flutter_inappwebview] AndroidManifest.xml:22:19-117
meta-data#io.flutter.embedded_views_preview
ADDED from [:flutter_inappwebview] AndroidManifest.xml:24:9-26:36
	android:value
		ADDED from [:flutter_inappwebview] AndroidManifest.xml:26:13-33
	android:name
		ADDED from [:flutter_inappwebview] AndroidManifest.xml:25:13-61
uses-permission#android.permission.ACCESS_NETWORK_STATE
ADDED from [com.google.android.exoplayer:exoplayer-core:2.14.1] AndroidManifest.xml:24:5-79
MERGED from [com.google.android.exoplayer:exoplayer-common:2.14.1] AndroidManifest.xml:24:5-79
MERGED from [com.google.android.exoplayer:exoplayer-common:2.14.1] AndroidManifest.xml:24:5-79
	android:name
		ADDED from [com.google.android.exoplayer:exoplayer-core:2.14.1] AndroidManifest.xml:24:22-76